2025-04-13 22:15:51: Initializing city detection with 28 states...
2025-04-13 22:15:51: City detection initialized with 2377 city names and variants
2025-04-13 22:15:51: Checking database tables...
2025-04-13 22:15:51: Database connection established successfully.
2025-04-13 22:15:51: Queries table already exists
2025-04-13 22:15:51: Server is running on port 5001 with HTTPS
2025-04-13 22:15:58: Initializing city detection with 28 states...
2025-04-13 22:15:58: City detection initialized with 2377 city names and variants
2025-04-13 22:15:58: Checking database tables...
2025-04-13 22:15:58: Database connection established successfully.
2025-04-13 22:15:58: Queries table already exists
2025-04-13 22:15:58: Server is running on port 5001 with HTTPS
2025-04-13 22:16:07: Initializing city detection with 28 states...
2025-04-13 22:16:07: City detection initialized with 2377 city names and variants
2025-04-13 22:16:07: Checking database tables...
2025-04-13 22:16:07: Database connection established successfully.
2025-04-13 22:16:07: Queries table already exists
2025-04-13 22:16:07: Server is running on port 5001 with HTTPS
2025-04-13 22:16:15: Initializing city detection with 28 states...
2025-04-13 22:16:15: City detection initialized with 2377 city names and variants
2025-04-13 22:16:15: Checking database tables...
2025-04-13 22:16:15: Database connection established successfully.
2025-04-13 22:16:15: Queries table already exists
2025-04-13 22:16:15: Server is running on port 5001 with HTTPS
2025-04-13 22:16:23: Initializing city detection with 28 states...
2025-04-13 22:16:23: City detection initialized with 2377 city names and variants
2025-04-13 22:16:23: Checking database tables...
2025-04-13 22:16:23: Database connection established successfully.
2025-04-13 22:16:23: Queries table already exists
2025-04-13 22:16:23: Server is running on port 5001 with HTTPS
2025-04-13 22:16:31: Initializing city detection with 28 states...
2025-04-13 22:16:31: City detection initialized with 2377 city names and variants
2025-04-13 22:16:31: Checking database tables...
2025-04-13 22:16:31: Database connection established successfully.
2025-04-13 22:16:31: Queries table already exists
2025-04-13 22:16:31: Server is running on port 5001 with HTTPS
2025-04-13 22:16:39: Initializing city detection with 28 states...
2025-04-13 22:16:39: City detection initialized with 2377 city names and variants
2025-04-13 22:16:39: Checking database tables...
2025-04-13 22:16:39: Database connection established successfully.
2025-04-13 22:16:39: Queries table already exists
2025-04-13 22:16:39: Server is running on port 5001 with HTTPS
2025-04-13 22:16:47: Initializing city detection with 28 states...
2025-04-13 22:16:47: City detection initialized with 2377 city names and variants
2025-04-13 22:16:47: Checking database tables...
2025-04-13 22:16:47: Database connection established successfully.
2025-04-13 22:16:47: Queries table already exists
2025-04-13 22:16:47: Server is running on port 5001 with HTTPS
2025-04-13 22:16:55: Initializing city detection with 28 states...
2025-04-13 22:16:55: City detection initialized with 2377 city names and variants
2025-04-13 22:16:55: Checking database tables...
2025-04-13 22:16:55: Database connection established successfully.
2025-04-13 22:16:55: Queries table already exists
2025-04-13 22:16:55: Server is running on port 5001 with HTTPS
2025-04-13 22:17:03: Initializing city detection with 28 states...
2025-04-13 22:17:03: City detection initialized with 2377 city names and variants
2025-04-13 22:17:03: Checking database tables...
2025-04-13 22:17:03: Database connection established successfully.
2025-04-13 22:17:03: Queries table already exists
2025-04-13 22:17:03: Server is running on port 5001 with HTTPS
2025-04-13 22:17:11: Initializing city detection with 28 states...
2025-04-13 22:17:11: City detection initialized with 2377 city names and variants
2025-04-13 22:17:11: Checking database tables...
2025-04-13 22:17:11: Database connection established successfully.
2025-04-13 22:17:11: Queries table already exists
2025-04-13 22:17:11: Server is running on port 5001 with HTTPS
2025-04-13 22:17:20: Initializing city detection with 28 states...
2025-04-13 22:17:20: City detection initialized with 2377 city names and variants
2025-04-13 22:17:20: Checking database tables...
2025-04-13 22:17:20: Database connection established successfully.
2025-04-13 22:17:20: Queries table already exists
2025-04-13 22:17:20: Server is running on port 5001 with HTTPS
2025-04-13 22:17:28: Initializing city detection with 28 states...
2025-04-13 22:17:28: City detection initialized with 2377 city names and variants
2025-04-13 22:17:28: Checking database tables...
2025-04-13 22:17:28: Database connection established successfully.
2025-04-13 22:17:28: Queries table already exists
2025-04-13 22:17:28: Server is running on port 5001 with HTTPS
2025-04-13 22:17:36: Initializing city detection with 28 states...
2025-04-13 22:17:36: City detection initialized with 2377 city names and variants
2025-04-13 22:17:36: Checking database tables...
2025-04-13 22:17:36: Database connection established successfully.
2025-04-13 22:17:36: Queries table already exists
2025-04-13 22:17:36: Server is running on port 5001 with HTTPS
2025-04-13 22:17:44: Initializing city detection with 28 states...
2025-04-13 22:17:44: City detection initialized with 2377 city names and variants
2025-04-13 22:17:44: Checking database tables...
2025-04-13 22:17:44: Database connection established successfully.
2025-04-13 22:17:44: Queries table already exists
2025-04-13 22:17:44: Server is running on port 5001 with HTTPS
2025-04-13 22:17:52: Initializing city detection with 28 states...
2025-04-13 22:17:52: City detection initialized with 2377 city names and variants
2025-04-13 22:17:52: Checking database tables...
2025-04-13 22:17:52: Database connection established successfully.
2025-04-13 22:17:52: Queries table already exists
2025-04-13 22:17:52: Server is running on port 5001 with HTTPS
2025-04-13 22:26:19: Initializing city detection with 28 states...
2025-04-13 22:26:19: Initializing city detection with 28 states...
2025-04-13 22:26:19: City detection initialized with 2377 city names and variants
2025-04-13 22:26:19: City detection initialized with 2377 city names and variants
2025-04-13 22:26:19: Checking database tables...
2025-04-13 22:26:19: Checking database tables...
2025-04-13 22:26:20: Database connection established successfully.
2025-04-13 22:26:20: Database connection established successfully.
2025-04-13 22:26:20: Queries table already exists
2025-04-13 22:26:20: Queries table already exists
2025-04-13 22:26:20: Server is running on port 5001 with HTTPS
2025-04-13 22:26:20: Server is running on port 5001 with HTTPS
2025-04-13 22:26:28: Initializing city detection with 28 states...
2025-04-13 22:26:28: Initializing city detection with 28 states...
2025-04-13 22:26:28: City detection initialized with 2377 city names and variants
2025-04-13 22:26:28: Checking database tables...
2025-04-13 22:26:28: City detection initialized with 2377 city names and variants
2025-04-13 22:26:28: Checking database tables...
2025-04-13 22:26:28: Database connection established successfully.
2025-04-13 22:26:28: Database connection established successfully.
2025-04-13 22:26:28: Queries table already exists
2025-04-13 22:26:28: Queries table already exists
2025-04-13 22:26:28: Server is running on port 5001 with HTTPS
2025-04-13 22:26:28: Server is running on port 5001 with HTTPS
2025-04-13 22:26:36: Initializing city detection with 28 states...
2025-04-13 22:26:36: Initializing city detection with 28 states...
2025-04-13 22:26:36: City detection initialized with 2377 city names and variants
2025-04-13 22:26:36: Checking database tables...
2025-04-13 22:26:36: City detection initialized with 2377 city names and variants
2025-04-13 22:26:36: Checking database tables...
2025-04-13 22:26:36: Database connection established successfully.
2025-04-13 22:26:36: Database connection established successfully.
2025-04-13 22:26:36: Queries table already exists
2025-04-13 22:26:36: Queries table already exists
2025-04-13 22:26:36: Server is running on port 5001 with HTTPS
2025-04-13 22:26:36: Server is running on port 5001 with HTTPS
2025-04-13 22:26:44: Initializing city detection with 28 states...
2025-04-13 22:26:44: Initializing city detection with 28 states...
2025-04-13 22:26:44: City detection initialized with 2377 city names and variants
2025-04-13 22:26:44: Checking database tables...
2025-04-13 22:26:44: City detection initialized with 2377 city names and variants
2025-04-13 22:26:44: Checking database tables...
2025-04-13 22:26:44: Database connection established successfully.
2025-04-13 22:26:44: Database connection established successfully.
2025-04-13 22:26:44: Queries table already exists
2025-04-13 22:26:44: Queries table already exists
2025-04-13 22:26:44: Server is running on port 5001 with HTTPS
2025-04-13 22:26:44: Server is running on port 5001 with HTTPS
2025-04-13 22:26:52: Initializing city detection with 28 states...
2025-04-13 22:26:52: Initializing city detection with 28 states...
2025-04-13 22:26:52: City detection initialized with 2377 city names and variants
2025-04-13 22:26:52: Checking database tables...
2025-04-13 22:26:52: City detection initialized with 2377 city names and variants
2025-04-13 22:26:52: Checking database tables...
2025-04-13 22:26:52: Database connection established successfully.
2025-04-13 22:26:52: Database connection established successfully.
2025-04-13 22:26:52: Queries table already exists
2025-04-13 22:26:52: Queries table already exists
2025-04-13 22:26:52: Server is running on port 5001 with HTTPS
2025-04-13 22:26:52: Server is running on port 5001 with HTTPS
2025-04-13 22:27:00: Initializing city detection with 28 states...
2025-04-13 22:27:00: Initializing city detection with 28 states...
2025-04-13 22:27:00: City detection initialized with 2377 city names and variants
2025-04-13 22:27:00: Checking database tables...
2025-04-13 22:27:00: City detection initialized with 2377 city names and variants
2025-04-13 22:27:00: Checking database tables...
2025-04-13 22:27:00: Database connection established successfully.
2025-04-13 22:27:00: Database connection established successfully.
2025-04-13 22:27:00: Queries table already exists
2025-04-13 22:27:00: Queries table already exists
2025-04-13 22:27:00: Server is running on port 5001 with HTTPS
2025-04-13 22:27:00: Server is running on port 5001 with HTTPS
2025-04-13 22:27:08: Initializing city detection with 28 states...
2025-04-13 22:27:08: Initializing city detection with 28 states...
2025-04-13 22:27:08: City detection initialized with 2377 city names and variants
2025-04-13 22:27:08: Checking database tables...
2025-04-13 22:27:08: City detection initialized with 2377 city names and variants
2025-04-13 22:27:08: Checking database tables...
2025-04-13 22:27:08: Database connection established successfully.
2025-04-13 22:27:08: Database connection established successfully.
2025-04-13 22:27:08: Queries table already exists
2025-04-13 22:27:08: Queries table already exists
2025-04-13 22:27:08: Server is running on port 5001 with HTTPS
2025-04-13 22:27:08: Server is running on port 5001 with HTTPS
2025-04-13 22:27:16: Initializing city detection with 28 states...
2025-04-13 22:27:16: Initializing city detection with 28 states...
2025-04-13 22:27:16: City detection initialized with 2377 city names and variants
2025-04-13 22:27:16: Checking database tables...
2025-04-13 22:27:16: City detection initialized with 2377 city names and variants
2025-04-13 22:27:16: Checking database tables...
2025-04-13 22:27:16: Database connection established successfully.
2025-04-13 22:27:16: Database connection established successfully.
2025-04-13 22:27:16: Queries table already exists
2025-04-13 22:27:16: Queries table already exists
2025-04-13 22:27:16: Server is running on port 5001 with HTTPS
2025-04-13 22:27:16: Server is running on port 5001 with HTTPS
